<?xml version="1.0" encoding="UTF-8"?>
<!-- Generated by org.testng.reporters.JUnitReportReporter -->
<testsuite skipped="0" hostname="DESKTOP-8UFL7AB" name="Testcase.LoginPage" tests="1" failures="0" timestamp="15 Aug 2019 03:39:58 GMT" time="4.069" errors="0">
  <testcase name="loginApp" time="4.069" classname="Testcase.LoginPage"/>
</testsuite> <!-- Testcase.LoginPage -->
